[2019-03-10 23:19:36] merlin-logger.DEBUG: The welcome step has been displayed [] []
[2019-03-10 23:19:44] merlin-logger.DEBUG: The child theme installation step has been displayed [] []
[2019-03-10 23:19:48] merlin-logger.DEBUG: The child theme style.css content was generated [] []
[2019-03-10 23:19:48] merlin-logger.DEBUG: The child theme functions.php content was generated [] []
[2019-03-10 23:19:48] merlin-logger.DEBUG: The child theme screenshot was copied to the child theme, with the following result {"copied":true} []
[2019-03-10 23:19:48] merlin-logger.DEBUG: The newly generated child theme was activated [] []
[2019-03-10 23:19:53] merlin-logger.DEBUG: The license activation step has been displayed [] []
[2019-03-10 23:20:32] merlin-logger.DEBUG: The license activation was performed with the following results {"success":true,"message":"Your theme is activated! Remote updates and theme support are enabled."} []
[2019-03-10 23:20:36] merlin-logger.DEBUG: The plugin installation step has been displayed [] []
[2019-03-10 23:20:42] merlin-logger.DEBUG: A plugin with the following data will be processed {"plugin_slug":"block-gallery","message":"Installing"} []
[2019-03-10 23:20:50] merlin-logger.DEBUG: A plugin with the following data will be processed {"plugin_slug":"block-gallery","message":"Activating"} []
[2019-03-10 23:20:52] merlin-logger.DEBUG: A plugin with the following data was processed {"plugin_slug":"block-gallery"} []
[2019-03-10 23:20:52] merlin-logger.DEBUG: A plugin with the following data will be processed {"plugin_slug":"coblocks","message":"Installing"} []
[2019-03-10 23:20:58] merlin-logger.DEBUG: A plugin with the following data will be processed {"plugin_slug":"coblocks","message":"Activating"} []
[2019-03-10 23:21:00] merlin-logger.DEBUG: A plugin with the following data was processed {"plugin_slug":"coblocks"} []
[2019-03-10 23:21:00] merlin-logger.DEBUG: A plugin with the following data will be processed {"plugin_slug":"login-designer","message":"Installing"} []
[2019-03-10 23:21:07] merlin-logger.DEBUG: A plugin with the following data will be processed {"plugin_slug":"login-designer","message":"Activating"} []
[2019-03-10 23:21:09] merlin-logger.DEBUG: A plugin with the following data was processed {"plugin_slug":"login-designer"} []
[2019-03-10 23:21:10] merlin-logger.DEBUG: A plugin with the following data will be processed {"plugin_slug":"tabor-blocks","message":"Installing"} []
[2019-03-10 23:21:13] merlin-logger.DEBUG: A plugin with the following data will be processed {"plugin_slug":"tabor-blocks","message":"Activating"} []
[2019-03-10 23:21:15] merlin-logger.DEBUG: A plugin with the following data was processed {"plugin_slug":"tabor-blocks"} []
[2019-03-10 23:21:18] merlin-logger.DEBUG: The content import step has been displayed [] []
[2019-03-10 23:21:26] merlin-logger.INFO: The content import AJAX call will be executed with this import data {"title":"Content","data":"/home/250363.cloudwaysapps.com/ccvjhvgcny/public_html/wp-content/themes/tabor/inc/demo/content.xml"} []
[2019-03-10 23:21:26] merlin-logger.DEBUG: The Hello world post status was set to draft [] []
[2019-03-10 23:21:26] merlin-logger.INFO: Imported "Design" (category) [] []
[2019-03-10 23:21:26] merlin-logger.DEBUG: Term 2 remapped to 2 [] []
[2019-03-10 23:21:26] merlin-logger.INFO: Imported "Development" (category) [] []
[2019-03-10 23:21:26] merlin-logger.DEBUG: Term 3 remapped to 3 [] []
[2019-03-10 23:21:26] merlin-logger.INFO: Imported "Envato" (category) [] []
[2019-03-10 23:21:26] merlin-logger.DEBUG: Term 4 remapped to 4 [] []
[2019-03-10 23:21:26] merlin-logger.INFO: Imported "Learning" (category) [] []
[2019-03-10 23:21:26] merlin-logger.DEBUG: Term 5 remapped to 5 [] []
[2019-03-10 23:21:26] merlin-logger.INFO: Imported "Merlin WP" (category) [] []
[2019-03-10 23:21:26] merlin-logger.DEBUG: Term 6 remapped to 6 [] []
[2019-03-10 23:21:26] merlin-logger.INFO: Imported "PressNomics" (category) [] []
[2019-03-10 23:21:26] merlin-logger.DEBUG: Term 7 remapped to 7 [] []
[2019-03-10 23:21:26] merlin-logger.INFO: Imported "Quick Tips" (category) [] []
[2019-03-10 23:21:26] merlin-logger.DEBUG: Term 8 remapped to 8 [] []
[2019-03-10 23:21:26] merlin-logger.INFO: Imported "ThemeForest" (category) [] []
[2019-03-10 23:21:26] merlin-logger.DEBUG: Term 9 remapped to 9 [] []
[2019-03-10 23:21:26] merlin-logger.INFO: Imported "WordPress Themes" (category) [] []
[2019-03-10 23:21:26] merlin-logger.DEBUG: Term 10 remapped to 10 [] []
[2019-03-10 23:21:26] merlin-logger.INFO: Imported "Workspace" (category) [] []
[2019-03-10 23:21:26] merlin-logger.DEBUG: Term 11 remapped to 11 [] []
[2019-03-10 23:21:26] merlin-logger.INFO: Imported "2017" (post_tag) [] []
[2019-03-10 23:21:26] merlin-logger.DEBUG: Term 12 remapped to 12 [] []
[2019-03-10 23:21:26] merlin-logger.INFO: Imported "business" (post_tag) [] []
[2019-03-10 23:21:26] merlin-logger.DEBUG: Term 13 remapped to 13 [] []
[2019-03-10 23:21:26] merlin-logger.INFO: Imported "development" (post_tag) [] []
[2019-03-10 23:21:26] merlin-logger.DEBUG: Term 14 remapped to 14 [] []
[2019-03-10 23:21:26] merlin-logger.INFO: Imported "envato" (post_tag) [] []
[2019-03-10 23:21:26] merlin-logger.DEBUG: Term 15 remapped to 15 [] []
[2019-03-10 23:21:26] merlin-logger.INFO: Imported "free time" (post_tag) [] []
[2019-03-10 23:21:26] merlin-logger.DEBUG: Term 16 remapped to 16 [] []
[2019-03-10 23:21:26] merlin-logger.INFO: Imported "freemium" (post_tag) [] []
[2019-03-10 23:21:26] merlin-logger.DEBUG: Term 17 remapped to 17 [] []
[2019-03-10 23:21:26] merlin-logger.INFO: Imported "gear" (post_tag) [] []
[2019-03-10 23:21:26] merlin-logger.DEBUG: Term 18 remapped to 18 [] []
[2019-03-10 23:21:26] merlin-logger.INFO: Imported "local" (post_tag) [] []
[2019-03-10 23:21:26] merlin-logger.DEBUG: Term 19 remapped to 19 [] []
[2019-03-10 23:21:26] merlin-logger.INFO: Imported "marketing" (post_tag) [] []
[2019-03-10 23:21:26] merlin-logger.DEBUG: Term 20 remapped to 20 [] []
[2019-03-10 23:21:26] merlin-logger.INFO: Imported "merlinwp" (post_tag) [] []
[2019-03-10 23:21:26] merlin-logger.DEBUG: Term 21 remapped to 21 [] []
[2019-03-10 23:21:26] merlin-logger.INFO: Imported "office" (post_tag) [] []
[2019-03-10 23:21:26] merlin-logger.DEBUG: Term 22 remapped to 22 [] []
[2019-03-10 23:21:26] merlin-logger.INFO: Imported "onboarding" (post_tag) [] []
[2019-03-10 23:21:26] merlin-logger.DEBUG: Term 23 remapped to 23 [] []
[2019-03-10 23:21:26] merlin-logger.INFO: Imported "pressmatic" (post_tag) [] []
[2019-03-10 23:21:26] merlin-logger.DEBUG: Term 24 remapped to 24 [] []
[2019-03-10 23:21:26] merlin-logger.INFO: Imported "theme review" (post_tag) [] []
[2019-03-10 23:21:26] merlin-logger.DEBUG: Term 25 remapped to 25 [] []
[2019-03-10 23:21:26] merlin-logger.INFO: Imported "themeforest" (post_tag) [] []
[2019-03-10 23:21:26] merlin-logger.DEBUG: Term 26 remapped to 26 [] []
[2019-03-10 23:21:26] merlin-logger.INFO: Imported "themes" (post_tag) [] []
[2019-03-10 23:21:26] merlin-logger.DEBUG: Term 27 remapped to 27 [] []
[2019-03-10 23:21:26] merlin-logger.INFO: Imported "wordpress" (post_tag) [] []
[2019-03-10 23:21:26] merlin-logger.DEBUG: Term 28 remapped to 28 [] []
[2019-03-10 23:21:26] merlin-logger.INFO: Imported "workspace" (post_tag) [] []
[2019-03-10 23:21:26] merlin-logger.DEBUG: Term 29 remapped to 29 [] []
[2019-03-10 23:21:26] merlin-logger.INFO: Imported "wpthemedoc" (post_tag) [] []
[2019-03-10 23:21:26] merlin-logger.DEBUG: Term 30 remapped to 30 [] []
[2019-03-10 23:21:26] merlin-logger.INFO: Imported "Primary" (nav_menu) [] []
[2019-03-10 23:21:26] merlin-logger.DEBUG: Term 31 remapped to 31 [] []
[2019-03-10 23:21:26] merlin-logger.INFO: Imported "Social" (nav_menu) [] []
[2019-03-10 23:21:26] merlin-logger.DEBUG: Term 32 remapped to 32 [] []
[2019-03-10 23:21:26] merlin-logger.INFO: Imported "stash-richtabor.com" (Custom CSS) [] []
[2019-03-10 23:21:26] merlin-logger.DEBUG: Post 99 remapped to 99 [] []
[2019-03-10 23:21:26] merlin-logger.INFO: Imported "tabor" (Custom CSS) [] []
[2019-03-10 23:21:26] merlin-logger.DEBUG: Post 218 remapped to 218 [] []
[2019-03-10 23:21:26] merlin-logger.INFO: Imported "Hi, I’m Rich Tabor" (Page) [] []
[2019-03-10 23:21:26] merlin-logger.DEBUG: Post 219 remapped to 219 [] []
[2019-03-10 23:21:30] merlin-logger.INFO: Imported "featured-image-4-1736x1242" (Media) [] []
[2019-03-10 23:21:30] merlin-logger.DEBUG: Post 316 remapped to 316 [] []
[2019-03-10 23:21:33] merlin-logger.INFO: Imported "building-quality-wordpress-themes-1736x1242" (Media) [] []
[2019-03-10 23:21:33] merlin-logger.DEBUG: Post 317 remapped to 317 [] []
[2019-03-10 23:21:36] merlin-logger.INFO: Imported "featured-image-1736x1242" (Media) [] []
[2019-03-10 23:21:36] merlin-logger.DEBUG: Post 318 remapped to 318 [] []
[2019-03-10 23:21:39] merlin-logger.INFO: Imported "featured-image-1-1736x1242" (Media) [] []
[2019-03-10 23:21:39] merlin-logger.DEBUG: Post 319 remapped to 319 [] []
[2019-03-10 23:21:42] merlin-logger.INFO: Imported "featured-image-tabor-1736x1242" (Media) [] []
[2019-03-10 23:21:42] merlin-logger.DEBUG: Post 331 remapped to 331 [] []
[2019-03-10 23:21:45] merlin-logger.INFO: Imported "featured-image-1-1736x1242" (Media) [] []
[2019-03-10 23:21:45] merlin-logger.DEBUG: Post 333 remapped to 333 [] []
[2019-03-10 23:21:46] merlin-logger.INFO: Imported "merlin2" (Media) [] []
[2019-03-10 23:21:46] merlin-logger.DEBUG: Post 335 remapped to 335 [] []
[2019-03-10 23:21:46] merlin-logger.INFO: New AJAX call! [] []
[2019-03-10 23:21:47] merlin-logger.INFO: The content import AJAX call will be executed with this import data {"title":"Content","data":"/home/250363.cloudwaysapps.com/ccvjhvgcny/public_html/wp-content/themes/tabor/inc/demo/content.xml"} []
[2019-03-10 23:21:47] merlin-logger.DEBUG: The Hello world post status was set to draft [] []
[2019-03-10 23:21:47] merlin-logger.INFO: Imported "" (Navigation Menu Item) [] []
[2019-03-10 23:21:47] merlin-logger.DEBUG: Post 341 remapped to 341 [] []
[2019-03-10 23:21:47] merlin-logger.DEBUG: Processing menu item post_type [] []
[2019-03-10 23:21:47] merlin-logger.INFO: Imported "" (Navigation Menu Item) [] []
[2019-03-10 23:21:47] merlin-logger.DEBUG: Post 342 remapped to 342 [] []
[2019-03-10 23:21:47] merlin-logger.DEBUG: Processing menu item post_type [] []
[2019-03-10 23:21:47] merlin-logger.INFO: Imported "About" (Navigation Menu Item) [] []
[2019-03-10 23:21:47] merlin-logger.DEBUG: Post 343 remapped to 343 [] []
[2019-03-10 23:21:47] merlin-logger.DEBUG: Processing menu item post_type [] []
[2019-03-10 23:21:47] merlin-logger.DEBUG: Menu item 219 mapped to 219 [] []
[2019-03-10 23:21:47] merlin-logger.INFO: Imported "Themes" (Navigation Menu Item) [] []
[2019-03-10 23:21:47] merlin-logger.DEBUG: Post 344 remapped to 344 [] []
[2019-03-10 23:21:47] merlin-logger.DEBUG: Processing menu item custom [] []
[2019-03-10 23:21:47] merlin-logger.DEBUG: Menu item 344 mapped to 344 [] []
[2019-03-10 23:21:47] merlin-logger.INFO: Imported "" (Navigation Menu Item) [] []
[2019-03-10 23:21:47] merlin-logger.DEBUG: Post 346 remapped to 346 [] []
[2019-03-10 23:21:47] merlin-logger.DEBUG: Processing menu item post_type [] []
[2019-03-10 23:21:47] merlin-logger.INFO: Imported "Contact" (Navigation Menu Item) [] []
[2019-03-10 23:21:47] merlin-logger.DEBUG: Post 348 remapped to 348 [] []
[2019-03-10 23:21:47] merlin-logger.DEBUG: Processing menu item post_type [] []
[2019-03-10 23:21:47] merlin-logger.INFO: Imported "Twitter" (Navigation Menu Item) [] []
[2019-03-10 23:21:47] merlin-logger.DEBUG: Post 351 remapped to 351 [] []
[2019-03-10 23:21:47] merlin-logger.DEBUG: Processing menu item custom [] []
[2019-03-10 23:21:47] merlin-logger.DEBUG: Menu item 351 mapped to 351 [] []
[2019-03-10 23:21:47] merlin-logger.INFO: Imported "Dribbble" (Navigation Menu Item) [] []
[2019-03-10 23:21:47] merlin-logger.DEBUG: Post 352 remapped to 352 [] []
[2019-03-10 23:21:47] merlin-logger.DEBUG: Processing menu item custom [] []
[2019-03-10 23:21:47] merlin-logger.DEBUG: Menu item 352 mapped to 352 [] []
[2019-03-10 23:21:47] merlin-logger.INFO: Imported "Medium" (Navigation Menu Item) [] []
[2019-03-10 23:21:47] merlin-logger.DEBUG: Post 353 remapped to 353 [] []
[2019-03-10 23:21:47] merlin-logger.DEBUG: Processing menu item custom [] []
[2019-03-10 23:21:47] merlin-logger.DEBUG: Menu item 353 mapped to 353 [] []
[2019-03-10 23:21:47] merlin-logger.INFO: Imported "logo" (Media) [] []
[2019-03-10 23:21:47] merlin-logger.DEBUG: Post 396 remapped to 396 [] []
[2019-03-10 23:21:47] merlin-logger.INFO: Imported "Better WordPress Theme Onboarding with Merlin WP" (Post) [] []
[2019-03-10 23:21:47] merlin-logger.DEBUG: Post 101 remapped to 101 [] []
[2019-03-10 23:21:48] merlin-logger.INFO: Imported "Blog" (Page) [] []
[2019-03-10 23:21:48] merlin-logger.DEBUG: Post 155 remapped to 155 [] []
[2019-03-10 23:21:48] merlin-logger.INFO: Imported "Now" (Page) [] []
[2019-03-10 23:21:48] merlin-logger.DEBUG: Post 156 remapped to 156 [] []
[2019-03-10 23:21:48] merlin-logger.INFO: Imported "Why, hello there" (Page) [] []
[2019-03-10 23:21:48] merlin-logger.DEBUG: Post 158 remapped to 158 [] []
[2019-03-10 23:21:48] merlin-logger.INFO: Imported "Home" (Page) [] []
[2019-03-10 23:21:48] merlin-logger.DEBUG: Post 159 remapped to 159 [] []
[2019-03-10 23:21:48] merlin-logger.INFO: Imported "Hello, world!" (Post) [] []
[2019-03-10 23:21:48] merlin-logger.DEBUG: Post 249 remapped to 249 [] []
[2019-03-10 23:21:48] merlin-logger.INFO: Imported "Hire Rich" (Page) [] []
[2019-03-10 23:21:48] merlin-logger.DEBUG: Post 250 remapped to 250 [] []
[2019-03-10 23:21:48] merlin-logger.INFO: Imported "Designing Highly Functional WordPress Themes" (Post) [] []
[2019-03-10 23:21:48] merlin-logger.DEBUG: Post 265 remapped to 265 [] []
[2019-03-10 23:21:48] merlin-logger.INFO: Imported "10 Practical Tips to Building Quality WordPress Themes" (Post) [] []
[2019-03-10 23:21:48] merlin-logger.DEBUG: Post 268 remapped to 268 [] []
[2019-03-10 23:21:48] merlin-logger.INFO: Imported "Download Tabor, a WordPress Theme for Growing your Audience" (Post) [] []
[2019-03-10 23:21:48] merlin-logger.DEBUG: Post 269 remapped to 269 [] []
[2019-03-10 23:21:48] merlin-logger.INFO: Imported "Login Designer" (Page) [] []
[2019-03-10 23:21:48] merlin-logger.DEBUG: Post 310 remapped to 310 [] []
[2019-03-10 23:21:48] merlin-logger.DEBUG: Running post-processing for post 99 [] []
[2019-03-10 23:21:48] merlin-logger.WARNING: Could not find the author for "stash-richtabor.com" (post #99) [] []
[2019-03-10 23:21:48] merlin-logger.DEBUG: Post 99 was imported with author "ryansiebert93@gmail.com", but could not be found [] []
[2019-03-10 23:21:48] merlin-logger.DEBUG: Post 99 was marked for post-processing, but none was required. [] []
[2019-03-10 23:21:48] merlin-logger.DEBUG: Running post-processing for post 218 [] []
[2019-03-10 23:21:48] merlin-logger.WARNING: Could not find the author for "tabor" (post #218) [] []
[2019-03-10 23:21:48] merlin-logger.DEBUG: Post 218 was imported with author "ryansiebert93@gmail.com", but could not be found [] []
[2019-03-10 23:21:48] merlin-logger.DEBUG: Post 218 was marked for post-processing, but none was required. [] []
[2019-03-10 23:21:48] merlin-logger.DEBUG: Running post-processing for post 219 [] []
[2019-03-10 23:21:48] merlin-logger.WARNING: Could not find the author for "Hi, I’m Rich Tabor" (post #219) [] []
[2019-03-10 23:21:48] merlin-logger.DEBUG: Post 219 was imported with author "ryansiebert93@gmail.com", but could not be found [] []
[2019-03-10 23:21:48] merlin-logger.DEBUG: Post 219 was marked for post-processing, but none was required. [] []
[2019-03-10 23:21:48] merlin-logger.DEBUG: Running post-processing for post 316 [] []
[2019-03-10 23:21:48] merlin-logger.WARNING: Could not find the author for "featured-image-4-1736&#215;1242" (post #316) [] []
[2019-03-10 23:21:48] merlin-logger.DEBUG: Post 316 was imported with author "ryansiebert93@gmail.com", but could not be found [] []
[2019-03-10 23:21:48] merlin-logger.DEBUG: Running post-processing for post 317 [] []
[2019-03-10 23:21:48] merlin-logger.WARNING: Could not find the author for "building-quality-wordpress-themes-1736&#215;1242" (post #317) [] []
[2019-03-10 23:21:48] merlin-logger.DEBUG: Post 317 was imported with author "ryansiebert93@gmail.com", but could not be found [] []
[2019-03-10 23:21:48] merlin-logger.DEBUG: Running post-processing for post 318 [] []
[2019-03-10 23:21:48] merlin-logger.WARNING: Could not find the author for "featured-image-1736&#215;1242" (post #318) [] []
[2019-03-10 23:21:48] merlin-logger.DEBUG: Post 318 was imported with author "ryansiebert93@gmail.com", but could not be found [] []
[2019-03-10 23:21:48] merlin-logger.DEBUG: Running post-processing for post 319 [] []
[2019-03-10 23:21:48] merlin-logger.WARNING: Could not find the author for "featured-image-1-1736&#215;1242" (post #319) [] []
[2019-03-10 23:21:48] merlin-logger.DEBUG: Post 319 was imported with author "ryansiebert93@gmail.com", but could not be found [] []
[2019-03-10 23:21:48] merlin-logger.DEBUG: Running post-processing for post 331 [] []
[2019-03-10 23:21:48] merlin-logger.WARNING: Could not find the author for "featured-image-tabor-1736&#215;1242" (post #331) [] []
[2019-03-10 23:21:48] merlin-logger.DEBUG: Post 331 was imported with author "ryansiebert93@gmail.com", but could not be found [] []
[2019-03-10 23:21:48] merlin-logger.DEBUG: Running post-processing for post 333 [] []
[2019-03-10 23:21:48] merlin-logger.WARNING: Could not find the author for "featured-image-1-1736&#215;1242" (post #333) [] []
[2019-03-10 23:21:48] merlin-logger.DEBUG: Post 333 was imported with author "ryansiebert93@gmail.com", but could not be found [] []
[2019-03-10 23:21:48] merlin-logger.DEBUG: Running post-processing for post 335 [] []
[2019-03-10 23:21:48] merlin-logger.WARNING: Could not find the author for "merlin2" (post #335) [] []
[2019-03-10 23:21:48] merlin-logger.DEBUG: Post 335 was imported with author "ryansiebert93@gmail.com", but could not be found [] []
[2019-03-10 23:21:48] merlin-logger.DEBUG: Running post-processing for post 341 [] []
[2019-03-10 23:21:48] merlin-logger.WARNING: Could not find the author for "" (post #341) [] []
[2019-03-10 23:21:48] merlin-logger.DEBUG: Post 341 was imported with author "ryansiebert93@gmail.com", but could not be found [] []
[2019-03-10 23:21:48] merlin-logger.DEBUG: Post 341 was marked for post-processing, but none was required. [] []
[2019-03-10 23:21:48] merlin-logger.DEBUG: Running post-processing for post 342 [] []
[2019-03-10 23:21:48] merlin-logger.WARNING: Could not find the author for "" (post #342) [] []
[2019-03-10 23:21:48] merlin-logger.DEBUG: Post 342 was imported with author "ryansiebert93@gmail.com", but could not be found [] []
[2019-03-10 23:21:48] merlin-logger.DEBUG: Post 342 was marked for post-processing, but none was required. [] []
[2019-03-10 23:21:48] merlin-logger.DEBUG: Running post-processing for post 343 [] []
[2019-03-10 23:21:48] merlin-logger.WARNING: Could not find the author for "About" (post #343) [] []
[2019-03-10 23:21:48] merlin-logger.DEBUG: Post 343 was imported with author "ryansiebert93@gmail.com", but could not be found [] []
[2019-03-10 23:21:48] merlin-logger.DEBUG: Post 343 was marked for post-processing, but none was required. [] []
[2019-03-10 23:21:48] merlin-logger.DEBUG: Running post-processing for post 344 [] []
[2019-03-10 23:21:48] merlin-logger.WARNING: Could not find the author for "Themes" (post #344) [] []
[2019-03-10 23:21:48] merlin-logger.DEBUG: Post 344 was imported with author "ryansiebert93@gmail.com", but could not be found [] []
[2019-03-10 23:21:48] merlin-logger.DEBUG: Post 344 was marked for post-processing, but none was required. [] []
[2019-03-10 23:21:48] merlin-logger.DEBUG: Running post-processing for post 346 [] []
[2019-03-10 23:21:48] merlin-logger.WARNING: Could not find the author for "" (post #346) [] []
[2019-03-10 23:21:48] merlin-logger.DEBUG: Post 346 was imported with author "ryansiebert93@gmail.com", but could not be found [] []
[2019-03-10 23:21:48] merlin-logger.DEBUG: Post 346 was marked for post-processing, but none was required. [] []
[2019-03-10 23:21:48] merlin-logger.DEBUG: Running post-processing for post 348 [] []
[2019-03-10 23:21:48] merlin-logger.WARNING: Could not find the author for "Contact" (post #348) [] []
[2019-03-10 23:21:48] merlin-logger.DEBUG: Post 348 was imported with author "ryansiebert93@gmail.com", but could not be found [] []
[2019-03-10 23:21:48] merlin-logger.DEBUG: Post 348 was marked for post-processing, but none was required. [] []
[2019-03-10 23:21:48] merlin-logger.DEBUG: Running post-processing for post 351 [] []
[2019-03-10 23:21:48] merlin-logger.WARNING: Could not find the author for "Twitter" (post #351) [] []
[2019-03-10 23:21:48] merlin-logger.DEBUG: Post 351 was imported with author "ryansiebert93@gmail.com", but could not be found [] []
[2019-03-10 23:21:48] merlin-logger.DEBUG: Post 351 was marked for post-processing, but none was required. [] []
[2019-03-10 23:21:48] merlin-logger.DEBUG: Running post-processing for post 352 [] []
[2019-03-10 23:21:48] merlin-logger.WARNING: Could not find the author for "Dribbble" (post #352) [] []
[2019-03-10 23:21:48] merlin-logger.DEBUG: Post 352 was imported with author "ryansiebert93@gmail.com", but could not be found [] []
[2019-03-10 23:21:48] merlin-logger.DEBUG: Post 352 was marked for post-processing, but none was required. [] []
[2019-03-10 23:21:48] merlin-logger.DEBUG: Running post-processing for post 353 [] []
[2019-03-10 23:21:48] merlin-logger.WARNING: Could not find the author for "Medium" (post #353) [] []
[2019-03-10 23:21:48] merlin-logger.DEBUG: Post 353 was imported with author "ryansiebert93@gmail.com", but could not be found [] []
[2019-03-10 23:21:48] merlin-logger.DEBUG: Post 353 was marked for post-processing, but none was required. [] []
[2019-03-10 23:21:48] merlin-logger.DEBUG: Running post-processing for post 396 [] []
[2019-03-10 23:21:48] merlin-logger.WARNING: Could not find the author for "logo" (post #396) [] []
[2019-03-10 23:21:48] merlin-logger.DEBUG: Post 396 was imported with author "ryansiebert93@gmail.com", but could not be found [] []
[2019-03-10 23:21:48] merlin-logger.DEBUG: Post 396 was marked for post-processing, but none was required. [] []
[2019-03-10 23:21:48] merlin-logger.DEBUG: Running post-processing for post 101 [] []
[2019-03-10 23:21:48] merlin-logger.WARNING: Could not find the author for "Better WordPress Theme Onboarding with Merlin WP" (post #101) [] []
[2019-03-10 23:21:48] merlin-logger.DEBUG: Post 101 was imported with author "ryansiebert93@gmail.com", but could not be found [] []
[2019-03-10 23:21:48] merlin-logger.DEBUG: Post 101 was marked for post-processing, but none was required. [] []
[2019-03-10 23:21:48] merlin-logger.DEBUG: Running post-processing for post 155 [] []
[2019-03-10 23:21:48] merlin-logger.WARNING: Could not find the author for "Blog" (post #155) [] []
[2019-03-10 23:21:48] merlin-logger.DEBUG: Post 155 was imported with author "ryansiebert93@gmail.com", but could not be found [] []
[2019-03-10 23:21:48] merlin-logger.DEBUG: Post 155 was marked for post-processing, but none was required. [] []
[2019-03-10 23:21:48] merlin-logger.DEBUG: Running post-processing for post 156 [] []
[2019-03-10 23:21:48] merlin-logger.WARNING: Could not find the author for "Now" (post #156) [] []
[2019-03-10 23:21:48] merlin-logger.DEBUG: Post 156 was imported with author "ryansiebert93@gmail.com", but could not be found [] []
[2019-03-10 23:21:48] merlin-logger.DEBUG: Post 156 was marked for post-processing, but none was required. [] []
[2019-03-10 23:21:48] merlin-logger.DEBUG: Running post-processing for post 158 [] []
[2019-03-10 23:21:48] merlin-logger.WARNING: Could not find the author for "Why, hello there" (post #158) [] []
[2019-03-10 23:21:48] merlin-logger.DEBUG: Post 158 was imported with author "ryansiebert93@gmail.com", but could not be found [] []
[2019-03-10 23:21:48] merlin-logger.DEBUG: Post 158 was marked for post-processing, but none was required. [] []
[2019-03-10 23:21:48] merlin-logger.DEBUG: Running post-processing for post 159 [] []
[2019-03-10 23:21:48] merlin-logger.WARNING: Could not find the author for "Home" (post #159) [] []
[2019-03-10 23:21:48] merlin-logger.DEBUG: Post 159 was imported with author "ryansiebert93@gmail.com", but could not be found [] []
[2019-03-10 23:21:48] merlin-logger.DEBUG: Post 159 was marked for post-processing, but none was required. [] []
[2019-03-10 23:21:48] merlin-logger.DEBUG: Running post-processing for post 249 [] []
[2019-03-10 23:21:48] merlin-logger.WARNING: Could not find the author for "Hello, world!" (post #249) [] []
[2019-03-10 23:21:48] merlin-logger.DEBUG: Post 249 was imported with author "ryansiebert93@gmail.com", but could not be found [] []
[2019-03-10 23:21:48] merlin-logger.DEBUG: Post 249 was marked for post-processing, but none was required. [] []
[2019-03-10 23:21:48] merlin-logger.DEBUG: Running post-processing for post 250 [] []
[2019-03-10 23:21:48] merlin-logger.WARNING: Could not find the author for "Hire Rich" (post #250) [] []
[2019-03-10 23:21:48] merlin-logger.DEBUG: Post 250 was imported with author "ryansiebert93@gmail.com", but could not be found [] []
[2019-03-10 23:21:48] merlin-logger.DEBUG: Post 250 was marked for post-processing, but none was required. [] []
[2019-03-10 23:21:48] merlin-logger.DEBUG: Running post-processing for post 265 [] []
[2019-03-10 23:21:48] merlin-logger.WARNING: Could not find the author for "Designing Highly Functional WordPress Themes" (post #265) [] []
[2019-03-10 23:21:48] merlin-logger.DEBUG: Post 265 was imported with author "ryansiebert93@gmail.com", but could not be found [] []
[2019-03-10 23:21:48] merlin-logger.DEBUG: Post 265 was marked for post-processing, but none was required. [] []
[2019-03-10 23:21:48] merlin-logger.DEBUG: Running post-processing for post 268 [] []
[2019-03-10 23:21:48] merlin-logger.WARNING: Could not find the author for "10 Practical Tips to Building Quality WordPress Themes" (post #268) [] []
[2019-03-10 23:21:48] merlin-logger.DEBUG: Post 268 was imported with author "ryansiebert93@gmail.com", but could not be found [] []
[2019-03-10 23:21:48] merlin-logger.DEBUG: Post 268 was marked for post-processing, but none was required. [] []
[2019-03-10 23:21:48] merlin-logger.DEBUG: Running post-processing for post 269 [] []
[2019-03-10 23:21:48] merlin-logger.WARNING: Could not find the author for "Download Tabor, a WordPress Theme for Growing your Audience" (post #269) [] []
[2019-03-10 23:21:48] merlin-logger.DEBUG: Post 269 was imported with author "ryansiebert93@gmail.com", but could not be found [] []
[2019-03-10 23:21:48] merlin-logger.DEBUG: Post 269 was marked for post-processing, but none was required. [] []
[2019-03-10 23:21:48] merlin-logger.DEBUG: Running post-processing for post 310 [] []
[2019-03-10 23:21:48] merlin-logger.WARNING: Could not find the author for "Login Designer" (post #310) [] []
[2019-03-10 23:21:48] merlin-logger.DEBUG: Post 310 was imported with author "ryansiebert93@gmail.com", but could not be found [] []
[2019-03-10 23:21:48] merlin-logger.DEBUG: Post 310 was marked for post-processing, but none was required. [] []
[2019-03-10 23:21:48] merlin-logger.INFO: Starting remapping of featured images [] []
[2019-03-10 23:21:48] merlin-logger.DEBUG: The home page was set {"homepage_id":"[object] (WP_Post: {\"ID\":159,\"post_author\":\"1\",\"post_date\":\"2017-09-22 16:35:22\",\"post_date_gmt\":\"2017-09-22 20:35:22\",\"post_content\":\"<!-- wp:tabor/hero -->\\n<div class=\\\"wp-block-tabor-hero tabor-hero has-left-content\\\"><h5 class=\\\"subHeading h5 gray medium header-font has-text-color\\\">Hi, I'm</h5><h1 class=\\\"firstName header-font\\\">Rich</h1><h1 class=\\\"lastName header-font\\\">Tabor</h1><div class=\\\"typed-content\\\"><h2 class=\\\"h2 extra-large extra-important\\\"><span id=\\\"animated-headline\\\" class=\\\"\\\"></span></h2><div class=\\\"animated-headline--strings\\\"><p>Designer</p><p>ThemeBeans Founder</p><p>Developer</p></div></div></div>\\n<!-- /wp:tabor/hero -->\",\"post_title\":\"Home\",\"post_excerpt\":\"\",\"post_status\":\"publish\",\"comment_status\":\"closed\",\"ping_status\":\"closed\",\"post_password\":\"\",\"post_name\":\"home\",\"to_ping\":\"\",\"pinged\":\"\",\"post_modified\":\"2017-09-22 16:35:22\",\"post_modified_gmt\":\"2017-09-22 20:35:22\",\"post_content_filtered\":\"\",\"post_parent\":0,\"guid\":\"http://richtabor.com/?page_id=159\",\"menu_order\":0,\"post_type\":\"page\",\"post_mime_type\":\"\",\"comment_count\":\"0\",\"filter\":\"raw\"})"} []
[2019-03-10 23:21:48] merlin-logger.DEBUG: The blog page was set {"blog_page_id":"[object] (WP_Post: {\"ID\":155,\"post_author\":\"1\",\"post_date\":\"2017-09-22 16:32:27\",\"post_date_gmt\":\"2017-09-22 20:32:27\",\"post_content\":\"\",\"post_title\":\"Blog\",\"post_excerpt\":\"\",\"post_status\":\"publish\",\"comment_status\":\"closed\",\"ping_status\":\"closed\",\"post_password\":\"\",\"post_name\":\"articles\",\"to_ping\":\"\",\"pinged\":\"\",\"post_modified\":\"2017-09-22 16:32:27\",\"post_modified_gmt\":\"2017-09-22 20:32:27\",\"post_content_filtered\":\"\",\"post_parent\":0,\"guid\":\"http://richtabor.com/?page_id=155\",\"menu_order\":0,\"post_type\":\"page\",\"post_mime_type\":\"\",\"comment_count\":\"0\",\"filter\":\"raw\"})"} []
[2019-03-10 23:21:49] merlin-logger.INFO: The content import AJAX call will be executed with this import data {"title":"Widgets","data":"/home/250363.cloudwaysapps.com/ccvjhvgcny/public_html/wp-content/themes/tabor/inc/demo/widgets.wie"} []
[2019-03-10 23:21:49] merlin-logger.DEBUG: Footer :   Text - Subscribe Now - Imported   [] []
[2019-03-10 23:21:50] merlin-logger.INFO: The content import AJAX call will be executed with this import data {"title":"Options","data":"/home/250363.cloudwaysapps.com/ccvjhvgcny/public_html/wp-content/themes/tabor/inc/demo/customizer.dat"} []
[2019-03-10 23:21:50] merlin-logger.INFO: The customizer import has finished successfully [] []
[2019-03-10 23:21:50] merlin-logger.INFO: The content import AJAX call will be executed with this import data {"title":"After import setup","data":0} []
[2019-03-10 23:21:55] merlin-logger.DEBUG: The final step has been displayed [] []
[2019-10-11 13:24:33] merlin-logger.DEBUG: The Hello world post status was set to draft [] []
[2019-10-11 13:24:49] merlin-logger.DEBUG: The home page was set {"homepage_id":"[object] (WP_Post: {\"ID\":6,\"post_author\":\"1\",\"post_date\":\"2019-10-11 13:20:25\",\"post_date_gmt\":\"0000-00-00 00:00:00\",\"post_content\":\"\\n\\t\\t<h5>Hi, I'm</h5>\\n\\t\\t<h1>Rich</h1>\\n\\t\\t<h1>Tabor</h1>\\n\\t\\t[typed text=\\\"ThemeBeans Founder, Designer\\\"]\",\"post_title\":\"Home\",\"post_excerpt\":\"\",\"post_status\":\"auto-draft\",\"comment_status\":\"closed\",\"ping_status\":\"closed\",\"post_password\":\"\",\"post_name\":\"\",\"to_ping\":\"\",\"pinged\":\"\",\"post_modified\":\"2019-10-11 13:20:25\",\"post_modified_gmt\":\"0000-00-00 00:00:00\",\"post_content_filtered\":\"\",\"post_parent\":0,\"guid\":\"http://daedalus:8080/?page_id=6\",\"menu_order\":0,\"post_type\":\"page\",\"post_mime_type\":\"\",\"comment_count\":\"0\",\"filter\":\"raw\"})"} []
[2019-10-11 13:24:49] merlin-logger.DEBUG: The blog page was set {"blog_page_id":"[object] (WP_Post: {\"ID\":9,\"post_author\":\"1\",\"post_date\":\"2019-10-11 13:20:25\",\"post_date_gmt\":\"0000-00-00 00:00:00\",\"post_content\":\"\",\"post_title\":\"Blog\",\"post_excerpt\":\"\",\"post_status\":\"auto-draft\",\"comment_status\":\"closed\",\"ping_status\":\"closed\",\"post_password\":\"\",\"post_name\":\"\",\"to_ping\":\"\",\"pinged\":\"\",\"post_modified\":\"2019-10-11 13:20:25\",\"post_modified_gmt\":\"0000-00-00 00:00:00\",\"post_content_filtered\":\"\",\"post_parent\":0,\"guid\":\"http://daedalus:8080/?page_id=9\",\"menu_order\":0,\"post_type\":\"page\",\"post_mime_type\":\"\",\"comment_count\":\"0\",\"filter\":\"raw\"})"} []
